<?xml version="1.0" encoding="UTF-8"?>
<!-- Generated by org.testng.reporters.JUnitReportReporter -->
<testsuite skipped="0" hostname="LAPTOP-CLV7BTSN" name="com.TY.RMG.Sdet18api.ApiFramework" tests="1" failures="0" timestamp="2021-08-04T13:37:31 IST" time="0.020" errors="0">
  <testcase name="apiFramework" time="0.020" classname="com.TY.RMG.Sdet18api.ApiFramework"/>
  <system-out/>
</testsuite> <!-- com.TY.RMG.Sdet18api.ApiFramework -->
